baseline, 128, 28, 128, 8, 28, 4, 3584, 26.312659
scalability_full_50_nnzs, 128, 28, 128, 8, 28, 4, 50, 3.465950
scalability_full_100_nnzs, 128, 28, 128, 8, 28, 4, 100, 4.018933
scalability_full_150_nnzs, 128, 28, 128, 8, 28, 4, 150, 4.826156
scalability_full_200_nnzs, 128, 28, 128, 8, 28, 4, 200, 5.257544
scalability_full_250_nnzs, 128, 28, 128, 8, 28, 4, 250, 5.355607
scalability_full_300_nnzs, 128, 28, 128, 8, 28, 4, 300, 5.805485
scalability_full_350_nnzs, 128, 28, 128, 8, 28, 4, 350, 6.002593
scalability_full_400_nnzs, 128, 28, 128, 8, 28, 4, 400, 6.201543
scalability_full_450_nnzs, 128, 28, 128, 8, 28, 4, 450, 7.195329
scalability_full_500_nnzs, 128, 28, 128, 8, 28, 4, 500, 6.726844
scalability_full_550_nnzs, 128, 28, 128, 8, 28, 4, 550, 7.118358
scalability_full_600_nnzs, 128, 28, 128, 8, 28, 4, 600, 7.490029
scalability_full_650_nnzs, 128, 28, 128, 8, 28, 4, 650, 7.779159
scalability_full_700_nnzs, 128, 28, 128, 8, 28, 4, 700, 8.262110
scalability_full_750_nnzs, 128, 28, 128, 8, 28, 4, 750, 8.456876
scalability_full_800_nnzs, 128, 28, 128, 8, 28, 4, 800, 8.843943
scalability_full_850_nnzs, 128, 28, 128, 8, 28, 4, 850, 9.184365
scalability_full_900_nnzs, 128, 28, 128, 8, 28, 4, 900, 9.555534
scalability_full_950_nnzs, 128, 28, 128, 8, 28, 4, 950, 9.868994
scalability_full_1000_nnzs, 128, 28, 128, 8, 28, 4, 1000, 10.141954
scalability_full_1050_nnzs, 128, 28, 128, 8, 28, 4, 1050, 10.479771
scalability_full_1100_nnzs, 128, 28, 128, 8, 28, 4, 1100, 10.819484
scalability_full_1150_nnzs, 128, 28, 128, 8, 28, 4, 1150, 11.088635
scalability_full_1200_nnzs, 128, 28, 128, 8, 28, 4, 1200, 11.388307
scalability_full_1250_nnzs, 128, 28, 128, 8, 28, 4, 1250, 11.696708
scalability_full_1300_nnzs, 128, 28, 128, 8, 28, 4, 1300, 12.103814
scalability_full_1350_nnzs, 128, 28, 128, 8, 28, 4, 1350, 12.386664
scalability_full_1400_nnzs, 128, 28, 128, 8, 28, 4, 1400, 14.312023
scalability_full_1450_nnzs, 128, 28, 128, 8, 28, 4, 1450, 14.523965
scalability_full_1500_nnzs, 128, 28, 128, 8, 28, 4, 1500, 13.439760
scalability_full_1550_nnzs, 128, 28, 128, 8, 28, 4, 1550, 13.762795
scalability_full_1600_nnzs, 128, 28, 128, 8, 28, 4, 1600, 14.018502
scalability_full_1650_nnzs, 128, 28, 128, 8, 28, 4, 1650, 14.354477
scalability_full_1700_nnzs, 128, 28, 128, 8, 28, 4, 1700, 14.663069
scalability_full_1750_nnzs, 128, 28, 128, 8, 28, 4, 1750, 14.977097
scalability_full_1800_nnzs, 128, 28, 128, 8, 28, 4, 1800, 15.315298
scalability_full_1850_nnzs, 128, 28, 128, 8, 28, 4, 1850, 15.613719
scalability_full_1900_nnzs, 128, 28, 128, 8, 28, 4, 1900, 15.888594
scalability_full_1950_nnzs, 128, 28, 128, 8, 28, 4, 1950, 16.164982
scalability_full_2000_nnzs, 128, 28, 128, 8, 28, 4, 2000, 16.503322
scalability_full_2050_nnzs, 128, 28, 128, 8, 28, 4, 2050, 16.784491
scalability_full_2100_nnzs, 128, 28, 128, 8, 28, 4, 2100, 17.077644
scalability_full_2150_nnzs, 128, 28, 128, 8, 28, 4, 2150, 17.365782
scalability_full_2200_nnzs, 128, 28, 128, 8, 28, 4, 2200, 17.575753
scalability_full_2250_nnzs, 128, 28, 128, 8, 28, 4, 2250, 17.871025
scalability_full_2300_nnzs, 128, 28, 128, 8, 28, 4, 2300, 18.132608
scalability_full_2350_nnzs, 128, 28, 128, 8, 28, 4, 2350, 18.461290
scalability_full_2400_nnzs, 128, 28, 128, 8, 28, 4, 2400, 18.785214
scalability_full_2450_nnzs, 128, 28, 128, 8, 28, 4, 2450, 19.017239
scalability_full_2500_nnzs, 128, 28, 128, 8, 28, 4, 2500, 19.334865
scalability_full_2550_nnzs, 128, 28, 128, 8, 28, 4, 2550, 19.591150
scalability_full_2600_nnzs, 128, 28, 128, 8, 28, 4, 2600, 20.054613
scalability_full_2650_nnzs, 128, 28, 128, 8, 28, 4, 2650, 20.168362
scalability_full_2700_nnzs, 128, 28, 128, 8, 28, 4, 2700, 20.465434
scalability_full_2750_nnzs, 128, 28, 128, 8, 28, 4, 2750, 20.799408
scalability_full_2800_nnzs, 128, 28, 128, 8, 28, 4, 2800, 21.066257
scalability_full_2850_nnzs, 128, 28, 128, 8, 28, 4, 2850, 21.468652
scalability_full_2900_nnzs, 128, 28, 128, 8, 28, 4, 2900, 21.725601
scalability_full_2950_nnzs, 128, 28, 128, 8, 28, 4, 2950, 22.027579
scalability_full_3000_nnzs, 128, 28, 128, 8, 28, 4, 3000, 22.358422
scalability_full_3050_nnzs, 128, 28, 128, 8, 28, 4, 3050, 22.936619
scalability_full_3100_nnzs, 128, 28, 128, 8, 28, 4, 3100, 23.095322
scalability_full_3150_nnzs, 128, 28, 128, 8, 28, 4, 3150, 32.506851
scalability_full_3200_nnzs, 128, 28, 128, 8, 28, 4, 3200, 47.553903
scalability_full_3250_nnzs, 128, 28, 128, 8, 28, 4, 3250, 64.605724
scalability_full_3300_nnzs, 128, 28, 128, 8, 28, 4, 3300, 81.755965
scalability_full_3350_nnzs, 128, 28, 128, 8, 28, 4, 3350, 99.239155
scalability_full_3400_nnzs, 128, 28, 128, 8, 28, 4, 3400, 114.788305
scalability_full_3450_nnzs, 128, 28, 128, 8, 28, 4, 3450, 132.126978
scalability_full_3500_nnzs, 128, 28, 128, 8, 28, 4, 3500, 151.014752
