libxsmm dense, 0, 0, 7106.235000
Mismatch 63765.000000 != 9009.000000 at row 0, col 0
Mismatch 126459.000000 != 0.000000 at row 0, col 1
Mismatch 189153.000000 != 0.000000 at row 0, col 2
Mismatch 251847.000000 != 14247.000000 at row 0, col 3
Mismatch 314541.000000 != 0.000000 at row 0, col 4
Mismatch 377235.000000 != 0.000000 at row 0, col 5
Mismatch 439929.000000 != 19485.000000 at row 0, col 6
Mismatch 502623.000000 != 0.000000 at row 0, col 7
Mismatch 565317.000000 != 0.000000 at row 0, col 8
Mismatch 64035.000000 != 9063.000000 at row 1, col 0
Mismatch 127053.000000 != 0.000000 at row 1, col 1
Mismatch 190071.000000 != 0.000000 at row 1, col 2
Mismatch 253089.000000 != 14337.000000 at row 1, col 3
Mismatch 316107.000000 != 0.000000 at row 1, col 4
Mismatch 379125.000000 != 0.000000 at row 1, col 5
Mismatch 442143.000000 != 19611.000000 at row 1, col 6
Mismatch 505161.000000 != 0.000000 at row 1, col 7
Mismatch 568179.000000 != 0.000000 at row 1, col 8
Mismatch 64305.000000 != 9117.000000 at row 2, col 0
Mismatch 127647.000000 != 0.000000 at row 2, col 1
Mismatch 190989.000000 != 0.000000 at row 2, col 2
Mismatch 254331.000000 != 14427.000000 at row 2, col 3
Mismatch 317673.000000 != 0.000000 at row 2, col 4
Mismatch 381015.000000 != 0.000000 at row 2, col 5
Mismatch 444357.000000 != 19737.000000 at row 2, col 6
Mismatch 507699.000000 != 0.000000 at row 2, col 7
Mismatch 571041.000000 != 0.000000 at row 2, col 8
Mismatch 64575.000000 != 9171.000000 at row 3, col 0
Mismatch 128241.000000 != 0.000000 at row 3, col 1
Mismatch 191907.000000 != 0.000000 at row 3, col 2
Mismatch 255573.000000 != 14517.000000 at row 3, col 3
Mismatch 319239.000000 != 0.000000 at row 3, col 4
Mismatch 382905.000000 != 0.000000 at row 3, col 5
Mismatch 446571.000000 != 19863.000000 at row 3, col 6
Mismatch 510237.000000 != 0.000000 at row 3, col 7
Mismatch 573903.000000 != 0.000000 at row 3, col 8
Mismatch 64845.000000 != 9225.000000 at row 4, col 0
Mismatch 128835.000000 != 0.000000 at row 4, col 1
Mismatch 192825.000000 != 0.000000 at row 4, col 2
Mismatch 256815.000000 != 14607.000000 at row 4, col 3
Mismatch 320805.000000 != 0.000000 at row 4, col 4
Mismatch 384795.000000 != 0.000000 at row 4, col 5
Mismatch 448785.000000 != 19989.000000 at row 4, col 6
Mismatch 512775.000000 != 0.000000 at row 4, col 7
Mismatch 576765.000000 != 0.000000 at row 4, col 8
Mismatch 65115.000000 != 9279.000000 at row 5, col 0
Mismatch 129429.000000 != 0.000000 at row 5, col 1
Mismatch 193743.000000 != 0.000000 at row 5, col 2
Mismatch 258057.000000 != 14697.000000 at row 5, col 3
Mismatch 322371.000000 != 0.000000 at row 5, col 4
Mismatch 386685.000000 != 0.000000 at row 5, col 5
Mismatch 450999.000000 != 20115.000000 at row 5, col 6
Mismatch 515313.000000 != 0.000000 at row 5, col 7
Mismatch 579627.000000 != 0.000000 at row 5, col 8
Mismatch 65385.000000 != 9333.000000 at row 6, col 0
Mismatch 130023.000000 != 0.000000 at row 6, col 1
Mismatch 194661.000000 != 0.000000 at row 6, col 2
Mismatch 259299.000000 != 14787.000000 at row 6, col 3
Mismatch 323937.000000 != 0.000000 at row 6, col 4
Mismatch 388575.000000 != 0.000000 at row 6, col 5
Mismatch 453213.000000 != 20241.000000 at row 6, col 6
Mismatch 517851.000000 != 0.000000 at row 6, col 7
Mismatch 582489.000000 != 0.000000 at row 6, col 8
Mismatch 65655.000000 != 9387.000000 at row 7, col 0
Mismatch 130617.000000 != 0.000000 at row 7, col 1
Mismatch 195579.000000 != 0.000000 at row 7, col 2
Mismatch 260541.000000 != 14877.000000 at row 7, col 3
Mismatch 325503.000000 != 0.000000 at row 7, col 4
Mismatch 390465.000000 != 0.000000 at row 7, col 5
Mismatch 455427.000000 != 20367.000000 at row 7, col 6
Mismatch 520389.000000 != 0.000000 at row 7, col 7
Mismatch 585351.000000 != 0.000000 at row 7, col 8
Mismatch 65925.000000 != 9441.000000 at row 8, col 0
Mismatch 131211.000000 != 0.000000 at row 8, col 1
Mismatch 196497.000000 != 0.000000 at row 8, col 2
Mismatch 261783.000000 != 14967.000000 at row 8, col 3
Mismatch 327069.000000 != 0.000000 at row 8, col 4
Mismatch 392355.000000 != 0.000000 at row 8, col 5
Mismatch 457641.000000 != 20493.000000 at row 8, col 6
Mismatch 522927.000000 != 0.000000 at row 8, col 7
Mismatch 588213.000000 != 0.000000 at row 8, col 8
Mismatch 66195.000000 != 9495.000000 at row 9, col 0
Mismatch 131805.000000 != 0.000000 at row 9, col 1
Mismatch 197415.000000 != 0.000000 at row 9, col 2
Mismatch 263025.000000 != 15057.000000 at row 9, col 3
Mismatch 328635.000000 != 0.000000 at row 9, col 4
Mismatch 394245.000000 != 0.000000 at row 9, col 5
Mismatch 459855.000000 != 20619.000000 at row 9, col 6
Mismatch 525465.000000 != 0.000000 at row 9, col 7
Mismatch 591075.000000 != 0.000000 at row 9, col 8
Mismatch 66465.000000 != 9549.000000 at row 10, col 0
Mismatch 132399.000000 != 0.000000 at row 10, col 1
Mismatch 198333.000000 != 0.000000 at row 10, col 2
Mismatch 264267.000000 != 15147.000000 at row 10, col 3
Mismatch 330201.000000 != 0.000000 at row 10, col 4
Mismatch 396135.000000 != 0.000000 at row 10, col 5
Mismatch 462069.000000 != 20745.000000 at row 10, col 6
Mismatch 528003.000000 != 0.000000 at row 10, col 7
Mismatch 593937.000000 != 0.000000 at row 10, col 8
Mismatch 66735.000000 != 9603.000000 at row 11, col 0
Mismatch 132993.000000 != 0.000000 at row 11, col 1
Mismatch 199251.000000 != 0.000000 at row 11, col 2
Mismatch 265509.000000 != 15237.000000 at row 11, col 3
Mismatch 331767.000000 != 0.000000 at row 11, col 4
Mismatch 398025.000000 != 0.000000 at row 11, col 5
Mismatch 464283.000000 != 20871.000000 at row 11, col 6
Mismatch 530541.000000 != 0.000000 at row 11, col 7
Mismatch 596799.000000 != 0.000000 at row 11, col 8
Mismatch 67005.000000 != 9657.000000 at row 12, col 0
Mismatch 133587.000000 != 0.000000 at row 12, col 1
Mismatch 200169.000000 != 0.000000 at row 12, col 2
Mismatch 266751.000000 != 15327.000000 at row 12, col 3
Mismatch 333333.000000 != 0.000000 at row 12, col 4
Mismatch 399915.000000 != 0.000000 at row 12, col 5
Mismatch 466497.000000 != 20997.000000 at row 12, col 6
Mismatch 533079.000000 != 0.000000 at row 12, col 7
Mismatch 599661.000000 != 0.000000 at row 12, col 8
Mismatch 67275.000000 != 9711.000000 at row 13, col 0
Mismatch 134181.000000 != 0.000000 at row 13, col 1
Mismatch 201087.000000 != 0.000000 at row 13, col 2
Mismatch 267993.000000 != 15417.000000 at row 13, col 3
Mismatch 334899.000000 != 0.000000 at row 13, col 4
Mismatch 401805.000000 != 0.000000 at row 13, col 5
Mismatch 468711.000000 != 21123.000000 at row 13, col 6
Mismatch 535617.000000 != 0.000000 at row 13, col 7
Mismatch 602523.000000 != 0.000000 at row 13, col 8
Mismatch 67545.000000 != 9765.000000 at row 14, col 0
Mismatch 134775.000000 != 0.000000 at row 14, col 1
Mismatch 202005.000000 != 0.000000 at row 14, col 2
Mismatch 269235.000000 != 15507.000000 at row 14, col 3
Mismatch 336465.000000 != 0.000000 at row 14, col 4
Mismatch 403695.000000 != 0.000000 at row 14, col 5
Mismatch 470925.000000 != 21249.000000 at row 14, col 6
Mismatch 538155.000000 != 0.000000 at row 14, col 7
Mismatch 605385.000000 != 0.000000 at row 14, col 8
Mismatch 67815.000000 != 9819.000000 at row 15, col 0
Mismatch 135369.000000 != 0.000000 at row 15, col 1
Mismatch 202923.000000 != 0.000000 at row 15, col 2
Mismatch 270477.000000 != 15597.000000 at row 15, col 3
Mismatch 338031.000000 != 0.000000 at row 15, col 4
Mismatch 405585.000000 != 0.000000 at row 15, col 5
Mismatch 473139.000000 != 21375.000000 at row 15, col 6
Mismatch 540693.000000 != 0.000000 at row 15, col 7
Mismatch 608247.000000 != 0.000000 at row 15, col 8
Mismatch 68085.000000 != 9873.000000 at row 16, col 0
Mismatch 135963.000000 != 0.000000 at row 16, col 1
Mismatch 203841.000000 != 0.000000 at row 16, col 2
Mismatch 271719.000000 != 15687.000000 at row 16, col 3
Mismatch 339597.000000 != 0.000000 at row 16, col 4
Mismatch 407475.000000 != 0.000000 at row 16, col 5
Mismatch 475353.000000 != 21501.000000 at row 16, col 6
Mismatch 543231.000000 != 0.000000 at row 16, col 7
Mismatch 611109.000000 != 0.000000 at row 16, col 8
Mismatch 68355.000000 != 9927.000000 at row 17, col 0
Mismatch 136557.000000 != 0.000000 at row 17, col 1
Mismatch 204759.000000 != 0.000000 at row 17, col 2
Mismatch 272961.000000 != 15777.000000 at row 17, col 3
Mismatch 341163.000000 != 0.000000 at row 17, col 4
Mismatch 409365.000000 != 0.000000 at row 17, col 5
Mismatch 477567.000000 != 21627.000000 at row 17, col 6
Mismatch 545769.000000 != 0.000000 at row 17, col 7
Mismatch 613971.000000 != 0.000000 at row 17, col 8
Mismatch 68625.000000 != 9981.000000 at row 18, col 0
Mismatch 137151.000000 != 0.000000 at row 18, col 1
Mismatch 205677.000000 != 0.000000 at row 18, col 2
Mismatch 274203.000000 != 15867.000000 at row 18, col 3
Mismatch 342729.000000 != 0.000000 at row 18, col 4
Mismatch 411255.000000 != 0.000000 at row 18, col 5
Mismatch 479781.000000 != 21753.000000 at row 18, col 6
Mismatch 548307.000000 != 0.000000 at row 18, col 7
Mismatch 616833.000000 != 0.000000 at row 18, col 8
Mismatch 68895.000000 != 10035.000000 at row 19, col 0
Mismatch 137745.000000 != 0.000000 at row 19, col 1
Mismatch 206595.000000 != 0.000000 at row 19, col 2
Mismatch 275445.000000 != 15957.000000 at row 19, col 3
Mismatch 344295.000000 != 0.000000 at row 19, col 4
Mismatch 413145.000000 != 0.000000 at row 19, col 5
Mismatch 481995.000000 != 21879.000000 at row 19, col 6
Mismatch 550845.000000 != 0.000000 at row 19, col 7
Mismatch 619695.000000 != 0.000000 at row 19, col 8
Mismatch 69165.000000 != 10089.000000 at row 20, col 0
Mismatch 138339.000000 != 0.000000 at row 20, col 1
Mismatch 207513.000000 != 0.000000 at row 20, col 2
Mismatch 276687.000000 != 16047.000000 at row 20, col 3
Mismatch 345861.000000 != 0.000000 at row 20, col 4
Mismatch 415035.000000 != 0.000000 at row 20, col 5
Mismatch 484209.000000 != 22005.000000 at row 20, col 6
Mismatch 553383.000000 != 0.000000 at row 20, col 7
Mismatch 622557.000000 != 0.000000 at row 20, col 8
Mismatch 69435.000000 != 10143.000000 at row 21, col 0
Mismatch 138933.000000 != 0.000000 at row 21, col 1
Mismatch 208431.000000 != 0.000000 at row 21, col 2
Mismatch 277929.000000 != 16137.000000 at row 21, col 3
Mismatch 347427.000000 != 0.000000 at row 21, col 4
Mismatch 416925.000000 != 0.000000 at row 21, col 5
Mismatch 486423.000000 != 22131.000000 at row 21, col 6
Mismatch 555921.000000 != 0.000000 at row 21, col 7
Mismatch 625419.000000 != 0.000000 at row 21, col 8
Mismatch 69705.000000 != 10197.000000 at row 22, col 0
Mismatch 139527.000000 != 0.000000 at row 22, col 1
Mismatch 209349.000000 != 0.000000 at row 22, col 2
Mismatch 279171.000000 != 16227.000000 at row 22, col 3
Mismatch 348993.000000 != 0.000000 at row 22, col 4
Mismatch 418815.000000 != 0.000000 at row 22, col 5
Mismatch 488637.000000 != 22257.000000 at row 22, col 6
Mismatch 558459.000000 != 0.000000 at row 22, col 7
Mismatch 628281.000000 != 0.000000 at row 22, col 8
Mismatch 69975.000000 != 10251.000000 at row 23, col 0
Mismatch 140121.000000 != 0.000000 at row 23, col 1
Mismatch 210267.000000 != 0.000000 at row 23, col 2
Mismatch 280413.000000 != 16317.000000 at row 23, col 3
Mismatch 350559.000000 != 0.000000 at row 23, col 4
Mismatch 420705.000000 != 0.000000 at row 23, col 5
Mismatch 490851.000000 != 22383.000000 at row 23, col 6
Mismatch 560997.000000 != 0.000000 at row 23, col 7
Mismatch 631143.000000 != 0.000000 at row 23, col 8
Mismatch 70245.000000 != 10305.000000 at row 24, col 0
Mismatch 140715.000000 != 0.000000 at row 24, col 1
Mismatch 211185.000000 != 0.000000 at row 24, col 2
Mismatch 281655.000000 != 16407.000000 at row 24, col 3
Mismatch 352125.000000 != 0.000000 at row 24, col 4
Mismatch 422595.000000 != 0.000000 at row 24, col 5
Mismatch 493065.000000 != 22509.000000 at row 24, col 6
Mismatch 563535.000000 != 0.000000 at row 24, col 7
Mismatch 634005.000000 != 0.000000 at row 24, col 8
Mismatch 70515.000000 != 10359.000000 at row 25, col 0
Mismatch 141309.000000 != 0.000000 at row 25, col 1
Mismatch 212103.000000 != 0.000000 at row 25, col 2
Mismatch 282897.000000 != 16497.000000 at row 25, col 3
Mismatch 353691.000000 != 0.000000 at row 25, col 4
Mismatch 424485.000000 != 0.000000 at row 25, col 5
Mismatch 495279.000000 != 22635.000000 at row 25, col 6
Mismatch 566073.000000 != 0.000000 at row 25, col 7
Mismatch 636867.000000 != 0.000000 at row 25, col 8
Mismatch 70785.000000 != 10413.000000 at row 26, col 0
Mismatch 141903.000000 != 0.000000 at row 26, col 1
Mismatch 213021.000000 != 0.000000 at row 26, col 2
Mismatch 284139.000000 != 16587.000000 at row 26, col 3
Mismatch 355257.000000 != 0.000000 at row 26, col 4
Mismatch 426375.000000 != 0.000000 at row 26, col 5
Mismatch 497493.000000 != 22761.000000 at row 26, col 6
Mismatch 568611.000000 != 0.000000 at row 26, col 7
Mismatch 639729.000000 != 0.000000 at row 26, col 8
Mismatch 71055.000000 != 10467.000000 at row 27, col 0
Mismatch 142497.000000 != 0.000000 at row 27, col 1
Mismatch 213939.000000 != 0.000000 at row 27, col 2
Mismatch 285381.000000 != 16677.000000 at row 27, col 3
Mismatch 356823.000000 != 0.000000 at row 27, col 4
Mismatch 428265.000000 != 0.000000 at row 27, col 5
Mismatch 499707.000000 != 22887.000000 at row 27, col 6
Mismatch 571149.000000 != 0.000000 at row 27, col 7
Mismatch 642591.000000 != 0.000000 at row 27, col 8
Mismatch 71325.000000 != 10521.000000 at row 28, col 0
Mismatch 143091.000000 != 0.000000 at row 28, col 1
Mismatch 214857.000000 != 0.000000 at row 28, col 2
Mismatch 286623.000000 != 16767.000000 at row 28, col 3
Mismatch 358389.000000 != 0.000000 at row 28, col 4
Mismatch 430155.000000 != 0.000000 at row 28, col 5
Mismatch 501921.000000 != 23013.000000 at row 28, col 6
Mismatch 573687.000000 != 0.000000 at row 28, col 7
Mismatch 645453.000000 != 0.000000 at row 28, col 8
Mismatch 71595.000000 != 10575.000000 at row 29, col 0
Mismatch 143685.000000 != 0.000000 at row 29, col 1
Mismatch 215775.000000 != 0.000000 at row 29, col 2
Mismatch 287865.000000 != 16857.000000 at row 29, col 3
Mismatch 359955.000000 != 0.000000 at row 29, col 4
Mismatch 432045.000000 != 0.000000 at row 29, col 5
Mismatch 504135.000000 != 23139.000000 at row 29, col 6
Mismatch 576225.000000 != 0.000000 at row 29, col 7
Mismatch 648315.000000 != 0.000000 at row 29, col 8
Mismatch 71865.000000 != 10629.000000 at row 30, col 0
Mismatch 144279.000000 != 0.000000 at row 30, col 1
Mismatch 216693.000000 != 0.000000 at row 30, col 2
Mismatch 289107.000000 != 16947.000000 at row 30, col 3
Mismatch 361521.000000 != 0.000000 at row 30, col 4
Mismatch 433935.000000 != 0.000000 at row 30, col 5
Mismatch 506349.000000 != 23265.000000 at row 30, col 6
Mismatch 578763.000000 != 0.000000 at row 30, col 7
Mismatch 651177.000000 != 0.000000 at row 30, col 8
Mismatch 72135.000000 != 10683.000000 at row 31, col 0
Mismatch 144873.000000 != 0.000000 at row 31, col 1
Mismatch 217611.000000 != 0.000000 at row 31, col 2
Mismatch 290349.000000 != 17037.000000 at row 31, col 3
Mismatch 363087.000000 != 0.000000 at row 31, col 4
Mismatch 435825.000000 != 0.000000 at row 31, col 5
Mismatch 508563.000000 != 23391.000000 at row 31, col 6
Mismatch 581301.000000 != 0.000000 at row 31, col 7
Mismatch 654039.000000 != 0.000000 at row 31, col 8
Mismatch 72405.000000 != 10737.000000 at row 32, col 0
Mismatch 145467.000000 != 0.000000 at row 32, col 1
Mismatch 218529.000000 != 0.000000 at row 32, col 2
Mismatch 291591.000000 != 17127.000000 at row 32, col 3
Mismatch 364653.000000 != 0.000000 at row 32, col 4
Mismatch 437715.000000 != 0.000000 at row 32, col 5
Mismatch 510777.000000 != 23517.000000 at row 32, col 6
Mismatch 583839.000000 != 0.000000 at row 32, col 7
Mismatch 656901.000000 != 0.000000 at row 32, col 8
Mismatch 72675.000000 != 10791.000000 at row 33, col 0
Mismatch 146061.000000 != 0.000000 at row 33, col 1
Mismatch 219447.000000 != 0.000000 at row 33, col 2
Mismatch 292833.000000 != 17217.000000 at row 33, col 3
Mismatch 366219.000000 != 0.000000 at row 33, col 4
Mismatch 439605.000000 != 0.000000 at row 33, col 5
Mismatch 512991.000000 != 23643.000000 at row 33, col 6
Mismatch 586377.000000 != 0.000000 at row 33, col 7
Mismatch 659763.000000 != 0.000000 at row 33, col 8
Mismatch 72945.000000 != 10845.000000 at row 34, col 0
Mismatch 146655.000000 != 0.000000 at row 34, col 1
Mismatch 220365.000000 != 0.000000 at row 34, col 2
Mismatch 294075.000000 != 17307.000000 at row 34, col 3
Mismatch 367785.000000 != 0.000000 at row 34, col 4
Mismatch 441495.000000 != 0.000000 at row 34, col 5
Mismatch 515205.000000 != 23769.000000 at row 34, col 6
Mismatch 588915.000000 != 0.000000 at row 34, col 7
Mismatch 662625.000000 != 0.000000 at row 34, col 8
Mismatch 73215.000000 != 10899.000000 at row 35, col 0
Mismatch 147249.000000 != 0.000000 at row 35, col 1
Mismatch 221283.000000 != 0.000000 at row 35, col 2
Mismatch 295317.000000 != 17397.000000 at row 35, col 3
Mismatch 369351.000000 != 0.000000 at row 35, col 4
Mismatch 443385.000000 != 0.000000 at row 35, col 5
Mismatch 517419.000000 != 23895.000000 at row 35, col 6
Mismatch 591453.000000 != 0.000000 at row 35, col 7
Mismatch 665487.000000 != 0.000000 at row 35, col 8
Mismatch 73485.000000 != 10953.000000 at row 36, col 0
Mismatch 147843.000000 != 0.000000 at row 36, col 1
Mismatch 222201.000000 != 0.000000 at row 36, col 2
Mismatch 296559.000000 != 17487.000000 at row 36, col 3
Mismatch 370917.000000 != 0.000000 at row 36, col 4
Mismatch 445275.000000 != 0.000000 at row 36, col 5
Mismatch 519633.000000 != 24021.000000 at row 36, col 6
Mismatch 593991.000000 != 0.000000 at row 36, col 7
Mismatch 668349.000000 != 0.000000 at row 36, col 8
Mismatch 73755.000000 != 11007.000000 at row 37, col 0
Mismatch 148437.000000 != 0.000000 at row 37, col 1
Mismatch 223119.000000 != 0.000000 at row 37, col 2
Mismatch 297801.000000 != 17577.000000 at row 37, col 3
Mismatch 372483.000000 != 0.000000 at row 37, col 4
Mismatch 447165.000000 != 0.000000 at row 37, col 5
Mismatch 521847.000000 != 24147.000000 at row 37, col 6
Mismatch 596529.000000 != 0.000000 at row 37, col 7
Mismatch 671211.000000 != 0.000000 at row 37, col 8
Mismatch 74025.000000 != 11061.000000 at row 38, col 0
Mismatch 149031.000000 != 0.000000 at row 38, col 1
Mismatch 224037.000000 != 0.000000 at row 38, col 2
Mismatch 299043.000000 != 17667.000000 at row 38, col 3
Mismatch 374049.000000 != 0.000000 at row 38, col 4
Mismatch 449055.000000 != 0.000000 at row 38, col 5
Mismatch 524061.000000 != 24273.000000 at row 38, col 6
Mismatch 599067.000000 != 0.000000 at row 38, col 7
Mismatch 674073.000000 != 0.000000 at row 38, col 8
Mismatch 74295.000000 != 11115.000000 at row 39, col 0
Mismatch 149625.000000 != 0.000000 at row 39, col 1
Mismatch 224955.000000 != 0.000000 at row 39, col 2
Mismatch 300285.000000 != 17757.000000 at row 39, col 3
Mismatch 375615.000000 != 0.000000 at row 39, col 4
Mismatch 450945.000000 != 0.000000 at row 39, col 5
Mismatch 526275.000000 != 24399.000000 at row 39, col 6
Mismatch 601605.000000 != 0.000000 at row 39, col 7
Mismatch 676935.000000 != 0.000000 at row 39, col 8
Mismatch 74565.000000 != 11169.000000 at row 40, col 0
Mismatch 150219.000000 != 0.000000 at row 40, col 1
Mismatch 225873.000000 != 0.000000 at row 40, col 2
Mismatch 301527.000000 != 17847.000000 at row 40, col 3
Mismatch 377181.000000 != 0.000000 at row 40, col 4
Mismatch 452835.000000 != 0.000000 at row 40, col 5
Mismatch 528489.000000 != 24525.000000 at row 40, col 6
Mismatch 604143.000000 != 0.000000 at row 40, col 7
Mismatch 679797.000000 != 0.000000 at row 40, col 8
Mismatch 74835.000000 != 11223.000000 at row 41, col 0
Mismatch 150813.000000 != 0.000000 at row 41, col 1
Mismatch 226791.000000 != 0.000000 at row 41, col 2
Mismatch 302769.000000 != 17937.000000 at row 41, col 3
Mismatch 378747.000000 != 0.000000 at row 41, col 4
Mismatch 454725.000000 != 0.000000 at row 41, col 5
Mismatch 530703.000000 != 24651.000000 at row 41, col 6
Mismatch 606681.000000 != 0.000000 at row 41, col 7
Mismatch 682659.000000 != 0.000000 at row 41, col 8
Mismatch 75105.000000 != 11277.000000 at row 42, col 0
Mismatch 151407.000000 != 0.000000 at row 42, col 1
Mismatch 227709.000000 != 0.000000 at row 42, col 2
Mismatch 304011.000000 != 18027.000000 at row 42, col 3
Mismatch 380313.000000 != 0.000000 at row 42, col 4
Mismatch 456615.000000 != 0.000000 at row 42, col 5
Mismatch 532917.000000 != 24777.000000 at row 42, col 6
Mismatch 609219.000000 != 0.000000 at row 42, col 7
Mismatch 685521.000000 != 0.000000 at row 42, col 8
Mismatch 75375.000000 != 11331.000000 at row 43, col 0
Mismatch 152001.000000 != 0.000000 at row 43, col 1
Mismatch 228627.000000 != 0.000000 at row 43, col 2
Mismatch 305253.000000 != 18117.000000 at row 43, col 3
Mismatch 381879.000000 != 0.000000 at row 43, col 4
Mismatch 458505.000000 != 0.000000 at row 43, col 5
Mismatch 535131.000000 != 24903.000000 at row 43, col 6
Mismatch 611757.000000 != 0.000000 at row 43, col 7
Mismatch 688383.000000 != 0.000000 at row 43, col 8
Mismatch 75645.000000 != 11385.000000 at row 44, col 0
Mismatch 152595.000000 != 0.000000 at row 44, col 1
Mismatch 229545.000000 != 0.000000 at row 44, col 2
Mismatch 306495.000000 != 18207.000000 at row 44, col 3
Mismatch 383445.000000 != 0.000000 at row 44, col 4
Mismatch 460395.000000 != 0.000000 at row 44, col 5
Mismatch 537345.000000 != 25029.000000 at row 44, col 6
Mismatch 614295.000000 != 0.000000 at row 44, col 7
Mismatch 691245.000000 != 0.000000 at row 44, col 8
Mismatch 75915.000000 != 11439.000000 at row 45, col 0
Mismatch 153189.000000 != 0.000000 at row 45, col 1
Mismatch 230463.000000 != 0.000000 at row 45, col 2
Mismatch 307737.000000 != 18297.000000 at row 45, col 3
Mismatch 385011.000000 != 0.000000 at row 45, col 4
Mismatch 462285.000000 != 0.000000 at row 45, col 5
Mismatch 539559.000000 != 25155.000000 at row 45, col 6
Mismatch 616833.000000 != 0.000000 at row 45, col 7
Mismatch 694107.000000 != 0.000000 at row 45, col 8
Mismatch 76185.000000 != 11493.000000 at row 46, col 0
Mismatch 153783.000000 != 0.000000 at row 46, col 1
Mismatch 231381.000000 != 0.000000 at row 46, col 2
Mismatch 308979.000000 != 18387.000000 at row 46, col 3
Mismatch 386577.000000 != 0.000000 at row 46, col 4
Mismatch 464175.000000 != 0.000000 at row 46, col 5
Mismatch 541773.000000 != 25281.000000 at row 46, col 6
Mismatch 619371.000000 != 0.000000 at row 46, col 7
Mismatch 696969.000000 != 0.000000 at row 46, col 8
Mismatch 76455.000000 != 11547.000000 at row 47, col 0
Mismatch 154377.000000 != 0.000000 at row 47, col 1
Mismatch 232299.000000 != 0.000000 at row 47, col 2
Mismatch 310221.000000 != 18477.000000 at row 47, col 3
Mismatch 388143.000000 != 0.000000 at row 47, col 4
Mismatch 466065.000000 != 0.000000 at row 47, col 5
Mismatch 543987.000000 != 25407.000000 at row 47, col 6
Mismatch 621909.000000 != 0.000000 at row 47, col 7
Mismatch 699831.000000 != 0.000000 at row 47, col 8


------ EXPECTED -----=-
63765.000000	126459.000000	189153.000000	251847.000000	314541.000000	377235.000000	439929.000000	502623.000000	565317.000000	
64035.000000	127053.000000	190071.000000	253089.000000	316107.000000	379125.000000	442143.000000	505161.000000	568179.000000	
64305.000000	127647.000000	190989.000000	254331.000000	317673.000000	381015.000000	444357.000000	507699.000000	571041.000000	
64575.000000	128241.000000	191907.000000	255573.000000	319239.000000	382905.000000	446571.000000	510237.000000	573903.000000	
64845.000000	128835.000000	192825.000000	256815.000000	320805.000000	384795.000000	448785.000000	512775.000000	576765.000000	
65115.000000	129429.000000	193743.000000	258057.000000	322371.000000	386685.000000	450999.000000	515313.000000	579627.000000	
65385.000000	130023.000000	194661.000000	259299.000000	323937.000000	388575.000000	453213.000000	517851.000000	582489.000000	
65655.000000	130617.000000	195579.000000	260541.000000	325503.000000	390465.000000	455427.000000	520389.000000	585351.000000	
65925.000000	131211.000000	196497.000000	261783.000000	327069.000000	392355.000000	457641.000000	522927.000000	588213.000000	
66195.000000	131805.000000	197415.000000	263025.000000	328635.000000	394245.000000	459855.000000	525465.000000	591075.000000	
66465.000000	132399.000000	198333.000000	264267.000000	330201.000000	396135.000000	462069.000000	528003.000000	593937.000000	
66735.000000	132993.000000	199251.000000	265509.000000	331767.000000	398025.000000	464283.000000	530541.000000	596799.000000	
67005.000000	133587.000000	200169.000000	266751.000000	333333.000000	399915.000000	466497.000000	533079.000000	599661.000000	
67275.000000	134181.000000	201087.000000	267993.000000	334899.000000	401805.000000	468711.000000	535617.000000	602523.000000	
67545.000000	134775.000000	202005.000000	269235.000000	336465.000000	403695.000000	470925.000000	538155.000000	605385.000000	
67815.000000	135369.000000	202923.000000	270477.000000	338031.000000	405585.000000	473139.000000	540693.000000	608247.000000	
68085.000000	135963.000000	203841.000000	271719.000000	339597.000000	407475.000000	475353.000000	543231.000000	611109.000000	
68355.000000	136557.000000	204759.000000	272961.000000	341163.000000	409365.000000	477567.000000	545769.000000	613971.000000	
68625.000000	137151.000000	205677.000000	274203.000000	342729.000000	411255.000000	479781.000000	548307.000000	616833.000000	
68895.000000	137745.000000	206595.000000	275445.000000	344295.000000	413145.000000	481995.000000	550845.000000	619695.000000	
69165.000000	138339.000000	207513.000000	276687.000000	345861.000000	415035.000000	484209.000000	553383.000000	622557.000000	
69435.000000	138933.000000	208431.000000	277929.000000	347427.000000	416925.000000	486423.000000	555921.000000	625419.000000	
69705.000000	139527.000000	209349.000000	279171.000000	348993.000000	418815.000000	488637.000000	558459.000000	628281.000000	
69975.000000	140121.000000	210267.000000	280413.000000	350559.000000	420705.000000	490851.000000	560997.000000	631143.000000	
70245.000000	140715.000000	211185.000000	281655.000000	352125.000000	422595.000000	493065.000000	563535.000000	634005.000000	
70515.000000	141309.000000	212103.000000	282897.000000	353691.000000	424485.000000	495279.000000	566073.000000	636867.000000	
70785.000000	141903.000000	213021.000000	284139.000000	355257.000000	426375.000000	497493.000000	568611.000000	639729.000000	
71055.000000	142497.000000	213939.000000	285381.000000	356823.000000	428265.000000	499707.000000	571149.000000	642591.000000	
71325.000000	143091.000000	214857.000000	286623.000000	358389.000000	430155.000000	501921.000000	573687.000000	645453.000000	
71595.000000	143685.000000	215775.000000	287865.000000	359955.000000	432045.000000	504135.000000	576225.000000	648315.000000	
71865.000000	144279.000000	216693.000000	289107.000000	361521.000000	433935.000000	506349.000000	578763.000000	651177.000000	
72135.000000	144873.000000	217611.000000	290349.000000	363087.000000	435825.000000	508563.000000	581301.000000	654039.000000	
72405.000000	145467.000000	218529.000000	291591.000000	364653.000000	437715.000000	510777.000000	583839.000000	656901.000000	
72675.000000	146061.000000	219447.000000	292833.000000	366219.000000	439605.000000	512991.000000	586377.000000	659763.000000	
72945.000000	146655.000000	220365.000000	294075.000000	367785.000000	441495.000000	515205.000000	588915.000000	662625.000000	
73215.000000	147249.000000	221283.000000	295317.000000	369351.000000	443385.000000	517419.000000	591453.000000	665487.000000	
73485.000000	147843.000000	222201.000000	296559.000000	370917.000000	445275.000000	519633.000000	593991.000000	668349.000000	
73755.000000	148437.000000	223119.000000	297801.000000	372483.000000	447165.000000	521847.000000	596529.000000	671211.000000	
74025.000000	149031.000000	224037.000000	299043.000000	374049.000000	449055.000000	524061.000000	599067.000000	674073.000000	
74295.000000	149625.000000	224955.000000	300285.000000	375615.000000	450945.000000	526275.000000	601605.000000	676935.000000	
74565.000000	150219.000000	225873.000000	301527.000000	377181.000000	452835.000000	528489.000000	604143.000000	679797.000000	
74835.000000	150813.000000	226791.000000	302769.000000	378747.000000	454725.000000	530703.000000	606681.000000	682659.000000	
75105.000000	151407.000000	227709.000000	304011.000000	380313.000000	456615.000000	532917.000000	609219.000000	685521.000000	
75375.000000	152001.000000	228627.000000	305253.000000	381879.000000	458505.000000	535131.000000	611757.000000	688383.000000	
75645.000000	152595.000000	229545.000000	306495.000000	383445.000000	460395.000000	537345.000000	614295.000000	691245.000000	
75915.000000	153189.000000	230463.000000	307737.000000	385011.000000	462285.000000	539559.000000	616833.000000	694107.000000	
76185.000000	153783.000000	231381.000000	308979.000000	386577.000000	464175.000000	541773.000000	619371.000000	696969.000000	
76455.000000	154377.000000	232299.000000	310221.000000	388143.000000	466065.000000	543987.000000	621909.000000	699831.000000	


------ ACTUAL -----=-
9009.000000	0.000000	0.000000	14247.000000	0.000000	0.000000	19485.000000	0.000000	0.000000	
9063.000000	0.000000	0.000000	14337.000000	0.000000	0.000000	19611.000000	0.000000	0.000000	
9117.000000	0.000000	0.000000	14427.000000	0.000000	0.000000	19737.000000	0.000000	0.000000	
9171.000000	0.000000	0.000000	14517.000000	0.000000	0.000000	19863.000000	0.000000	0.000000	
9225.000000	0.000000	0.000000	14607.000000	0.000000	0.000000	19989.000000	0.000000	0.000000	
9279.000000	0.000000	0.000000	14697.000000	0.000000	0.000000	20115.000000	0.000000	0.000000	
9333.000000	0.000000	0.000000	14787.000000	0.000000	0.000000	20241.000000	0.000000	0.000000	
9387.000000	0.000000	0.000000	14877.000000	0.000000	0.000000	20367.000000	0.000000	0.000000	
9441.000000	0.000000	0.000000	14967.000000	0.000000	0.000000	20493.000000	0.000000	0.000000	
9495.000000	0.000000	0.000000	15057.000000	0.000000	0.000000	20619.000000	0.000000	0.000000	
9549.000000	0.000000	0.000000	15147.000000	0.000000	0.000000	20745.000000	0.000000	0.000000	
9603.000000	0.000000	0.000000	15237.000000	0.000000	0.000000	20871.000000	0.000000	0.000000	
9657.000000	0.000000	0.000000	15327.000000	0.000000	0.000000	20997.000000	0.000000	0.000000	
9711.000000	0.000000	0.000000	15417.000000	0.000000	0.000000	21123.000000	0.000000	0.000000	
9765.000000	0.000000	0.000000	15507.000000	0.000000	0.000000	21249.000000	0.000000	0.000000	
9819.000000	0.000000	0.000000	15597.000000	0.000000	0.000000	21375.000000	0.000000	0.000000	
9873.000000	0.000000	0.000000	15687.000000	0.000000	0.000000	21501.000000	0.000000	0.000000	
9927.000000	0.000000	0.000000	15777.000000	0.000000	0.000000	21627.000000	0.000000	0.000000	
9981.000000	0.000000	0.000000	15867.000000	0.000000	0.000000	21753.000000	0.000000	0.000000	
10035.000000	0.000000	0.000000	15957.000000	0.000000	0.000000	21879.000000	0.000000	0.000000	
10089.000000	0.000000	0.000000	16047.000000	0.000000	0.000000	22005.000000	0.000000	0.000000	
10143.000000	0.000000	0.000000	16137.000000	0.000000	0.000000	22131.000000	0.000000	0.000000	
10197.000000	0.000000	0.000000	16227.000000	0.000000	0.000000	22257.000000	0.000000	0.000000	
10251.000000	0.000000	0.000000	16317.000000	0.000000	0.000000	22383.000000	0.000000	0.000000	
10305.000000	0.000000	0.000000	16407.000000	0.000000	0.000000	22509.000000	0.000000	0.000000	
10359.000000	0.000000	0.000000	16497.000000	0.000000	0.000000	22635.000000	0.000000	0.000000	
10413.000000	0.000000	0.000000	16587.000000	0.000000	0.000000	22761.000000	0.000000	0.000000	
10467.000000	0.000000	0.000000	16677.000000	0.000000	0.000000	22887.000000	0.000000	0.000000	
10521.000000	0.000000	0.000000	16767.000000	0.000000	0.000000	23013.000000	0.000000	0.000000	
10575.000000	0.000000	0.000000	16857.000000	0.000000	0.000000	23139.000000	0.000000	0.000000	
10629.000000	0.000000	0.000000	16947.000000	0.000000	0.000000	23265.000000	0.000000	0.000000	
10683.000000	0.000000	0.000000	17037.000000	0.000000	0.000000	23391.000000	0.000000	0.000000	
10737.000000	0.000000	0.000000	17127.000000	0.000000	0.000000	23517.000000	0.000000	0.000000	
10791.000000	0.000000	0.000000	17217.000000	0.000000	0.000000	23643.000000	0.000000	0.000000	
10845.000000	0.000000	0.000000	17307.000000	0.000000	0.000000	23769.000000	0.000000	0.000000	
10899.000000	0.000000	0.000000	17397.000000	0.000000	0.000000	23895.000000	0.000000	0.000000	
10953.000000	0.000000	0.000000	17487.000000	0.000000	0.000000	24021.000000	0.000000	0.000000	
11007.000000	0.000000	0.000000	17577.000000	0.000000	0.000000	24147.000000	0.000000	0.000000	
11061.000000	0.000000	0.000000	17667.000000	0.000000	0.000000	24273.000000	0.000000	0.000000	
11115.000000	0.000000	0.000000	17757.000000	0.000000	0.000000	24399.000000	0.000000	0.000000	
11169.000000	0.000000	0.000000	17847.000000	0.000000	0.000000	24525.000000	0.000000	0.000000	
11223.000000	0.000000	0.000000	17937.000000	0.000000	0.000000	24651.000000	0.000000	0.000000	
11277.000000	0.000000	0.000000	18027.000000	0.000000	0.000000	24777.000000	0.000000	0.000000	
11331.000000	0.000000	0.000000	18117.000000	0.000000	0.000000	24903.000000	0.000000	0.000000	
11385.000000	0.000000	0.000000	18207.000000	0.000000	0.000000	25029.000000	0.000000	0.000000	
11439.000000	0.000000	0.000000	18297.000000	0.000000	0.000000	25155.000000	0.000000	0.000000	
11493.000000	0.000000	0.000000	18387.000000	0.000000	0.000000	25281.000000	0.000000	0.000000	
11547.000000	0.000000	0.000000	18477.000000	0.000000	0.000000	25407.000000	0.000000	0.000000	
libxsmm sparse, 0, 0, 1624.507000
blocksparse_snb_nnz1, 18446696745825051216, 4195984, 5049.206000
blocksparse_snb_nnz2, 18446696745825051216, 4195984, 6507.421000
blocksparse_snb_nnz3, 18446696745825051216, 4195984, 4914.153000
blocksparse_snb_nnz4, 18446696745825051216, 4195984, 5922.714000
blocksparse_snb_nnz5, 18446696745825051216, 4195984, 7025.560000
blocksparse_snb_nnz6, 18446696745825051216, 4195984, 8437.571000
blocksparse_snb_nnz7, 18446696745825051216, 4195984, 9656.581000
blocksparse_snb_nnz8, 18446696745825051216, 4195984, 10759.741000
blocksparse_snb_nnz9, 18446696745825051216, 4195984, 12090.106000
